15:04:40 **** Incremental Build of configuration Debug for project Function_pointer_LED ****
make -j8 all 
arm-none-eabi-gcc "../Core/Src/stm32f0xx_it.c" -mcpu=cortex-m0 -std=gnu11 -g3 -DDEBUG -DUSE_HAL_DRIVER -DSTM32F072xB -c -I../Core/Inc -I../Drivers/STM32F0xx_HAL_Driver/Inc -I../Drivers/STM32F0xx_HAL_Driver/Inc/Legacy -I../Drivers/CMSIS/Device/ST/STM32F0xx/Include -I../Drivers/CMSIS/Include -O0 -ffunction-sections -fdata-sections -Wall -fstack-usage -MMD -MP -MF"Core/Src/stm32f0xx_it.d" -MT"Core/Src/stm32f0xx_it.o" --specs=nano.specs -mfloat-abi=soft -mthumb -o "Core/Src/stm32f0xx_it.o"
../Core/Src/stm32f0xx_it.c: In function 'TIM6_DAC_IRQHandler':
../Core/Src/stm32f0xx_it.c:155:3: warning: implicit declaration of function 'pLED2' [-Wimplicit-function-declaration]
  155 |   pLED2();
      |   ^~~~~
../Core/Src/stm32f0xx_it.c: In function 'TIM7_IRQHandler':
../Core/Src/stm32f0xx_it.c:169:3: warning: implicit declaration of function 'pLED1' [-Wimplicit-function-declaration]
  169 |   pLED1();
      |   ^~~~~
arm-none-eabi-gcc -o "Function_pointer_LED.elf" @"objects.list"   -mcpu=cortex-m0 -T"C:\Users\GTI224\OneDrive - GRINNTECH\Desktop\program\STM32F0\Function pointer LED\Function_pointer_LED\STM32F072RBTX_FLASH.ld" --specs=nosys.specs -Wl,-Map="Function_pointer_LED.map" -Wl,--gc-sections -static --specs=nano.specs -mfloat-abi=soft -mthumb -Wl,--start-group -lc -lm -Wl,--end-group
c:\st\stm32cubeide_1.7.0\stm32cubeide\plugins\com.st.stm32cube.ide.mcu.externaltools.gnu-tools-for-stm32.9-2020-q2-update.win32_2.0.0.202105311346\tools\arm-none-eabi\bin\ld.exe: ./Core/Src/stm32f0xx_it.o: in function `TIM6_DAC_IRQHandler':
C:/Users/GTI224/OneDrive - GRINNTECH/Desktop/program/STM32F0/Function pointer LED/Function_pointer_LED/Debug/../Core/Src/stm32f0xx_it.c:155: undefined reference to `pLED2'
c:\st\stm32cubeide_1.7.0\stm32cubeide\plugins\com.st.stm32cube.ide.mcu.externaltools.gnu-tools-for-stm32.9-2020-q2-update.win32_2.0.0.202105311346\tools\arm-none-eabi\bin\ld.exe: ./Core/Src/stm32f0xx_it.o: in function `TIM7_IRQHandler':
C:/Users/GTI224/OneDrive - GRINNTECH/Desktop/program/STM32F0/Function pointer LED/Function_pointer_LED/Debug/../Core/Src/stm32f0xx_it.c:169: undefined reference to `pLED1'
collect2.exe: error: ld returned 1 exit status
make: *** [makefile:65: Function_pointer_LED.elf] Error 1
"make -j8 all" terminated with exit code 2. Build might be incomplete.
